0 info it worked if it ends with ok
1 verbose cli [ '/usr/local/bin/iojs', '/usr/local/bin/npm', 'start' ]
2 info using npm@2.11.0
3 info using node@v2.2.1
4 verbose run-script [ 'prestart', 'start', 'poststart' ]
5 info prestart analycha@1.0.0
6 info start analycha@1.0.0
7 verbose unsafe-perm in lifecycle true
8 info analycha@1.0.0 Failed to exec start script
9 verbose stack Error: analycha@1.0.0 start: `watchify -d src/index.js -o public/js/bundle.js & node index.js`
9 verbose stack Exit status 8
9 verbose stack     at EventEmitter.<anonymous> (/usr/local/lib/node_modules/npm/lib/utils/lifecycle.js:213:16)
9 verbose stack     at emitTwo (events.js:87:13)
9 verbose stack     at EventEmitter.emit (events.js:172:7)
9 verbose stack     at ChildProcess.<anonymous> (/usr/local/lib/node_modules/npm/lib/utils/spawn.js:24:14)
9 verbose stack     at emitTwo (events.js:87:13)
9 verbose stack     at ChildProcess.emit (events.js:172:7)
9 verbose stack     at maybeClose (internal/child_process.js:763:16)
9 verbose stack     at Process.ChildProcess._handle.onexit (internal/child_process.js:210:5)
10 verbose pkgid analycha@1.0.0
11 verbose cwd /home/ruben/apps/analycha
12 error Linux 3.13.0-65-generic
13 error argv "/usr/local/bin/iojs" "/usr/local/bin/npm" "start"
14 error node v2.2.1
15 error npm  v2.11.0
16 error code ELIFECYCLE
17 error analycha@1.0.0 start: `watchify -d src/index.js -o public/js/bundle.js & node index.js`
17 error Exit status 8
18 error Failed at the analycha@1.0.0 start script 'watchify -d src/index.js -o public/js/bundle.js & node index.js'.
18 error This is most likely a problem with the analycha package,
18 error not with npm itself.
18 error Tell the author that this fails on your system:
18 error     watchify -d src/index.js -o public/js/bundle.js & node index.js
18 error You can get their info via:
18 error     npm owner ls analycha
18 error There is likely additional logging output above.
19 verbose exit [ 1, true ]
